<?xml version="1.0" encoding="UTF-8" ?>
<testsuite tests="10" failures="0" name="br.com.thiagopaiva.java.test.FormulaTest" time="0.012" errors="0" skipped="0">
  <properties>
[...]
</properties>
  <testcase classname="br.com.thiagopaiva.java.test.FormulaTest" name="formulaSimplesPodeRepetirCamposTest" time="0.01"/>
  <testcase classname="br.com.thiagopaiva.java.test.FormulaTest" name="formulaDeveTerParametrosEmSequenciaTest" time="0"/>
  <testcase classname="br.com.thiagopaiva.java.test.FormulaTest" name="formulaComErroNaoDeveCalcularParteUmTest" time="0"/>
  <testcase classname="br.com.thiagopaiva.java.test.FormulaTest" name="formulaComErroNaoDeveCalcularParteDoisTest" time="0"/>
  <testcase classname="br.com.thiagopaiva.java.test.FormulaTest" name="formulaSomenteAceitaParentesesTest" time="0.002"/>
  <testcase classname="br.com.thiagopaiva.java.test.FormulaTest" name="formulaComErroNaoDeveCalcularParteTresTest" time="0"/>
  <testcase classname="br.com.thiagopaiva.java.test.FormulaTest" name="formulaDeveTerPrimeiroParametroZeroTest" time="0"/>
  <testcase classname="br.com.thiagopaiva.java.test.FormulaTest" name="principalTest" time="0"/>
  <testcase classname="br.com.thiagopaiva.java.test.FormulaTest" name="formulaSimplesTest" time="0"/>
  <testcase classname="br.com.thiagopaiva.java.test.FormulaTest" name="formulaSimplesClasseTest" time="0"/>
</testsuite>